<<<<<<< HEAD
c:\users\jasmin\documents\visual studio 2013\projects\cge_solarsystem\cge_solarsystem\debug\vc120.pdb
c:\users\jasmin\documents\visual studio 2013\projects\cge_solarsystem\cge_solarsystem\debug\vc120.idb
c:\users\jasmin\documents\visual studio 2013\projects\cge_solarsystem\cge_solarsystem\debug\3dsloader.obj
c:\users\jasmin\documents\visual studio 2013\projects\cge_solarsystem\cge_solarsystem\debug\glm.obj
c:\users\jasmin\documents\visual studio 2013\projects\cge_solarsystem\cge_solarsystem\debug\glslshader.obj
c:\users\jasmin\documents\visual studio 2013\projects\cge_solarsystem\cge_solarsystem\debug\main.obj
c:\users\jasmin\documents\visual studio 2013\projects\cge_solarsystem\cge_solarsystem\debug\solarsystem.obj
c:\users\jasmin\documents\visual studio 2013\projects\cge_solarsystem\cge_solarsystem\debug\texture.obj
c:\users\jasmin\documents\visual studio 2013\projects\cge_solarsystem\debug\cge_solarsystem.ilk
c:\users\jasmin\documents\visual studio 2013\projects\cge_solarsystem\debug\cge_solarsystem.exe
c:\users\jasmin\documents\visual studio 2013\projects\cge_solarsystem\debug\cge_solarsystem.pdb
c:\users\jasmin\documents\visual studio 2013\projects\cge_solarsystem\cge_solarsystem\debug\cge_solarsystem.tlog\cl.command.1.tlog
c:\users\jasmin\documents\visual studio 2013\projects\cge_solarsystem\cge_solarsystem\debug\cge_solarsystem.tlog\cl.read.1.tlog
c:\users\jasmin\documents\visual studio 2013\projects\cge_solarsystem\cge_solarsystem\debug\cge_solarsystem.tlog\cl.write.1.tlog
c:\users\jasmin\documents\visual studio 2013\projects\cge_solarsystem\cge_solarsystem\debug\cge_solarsystem.tlog\link.command.1.tlog
c:\users\jasmin\documents\visual studio 2013\projects\cge_solarsystem\cge_solarsystem\debug\cge_solarsystem.tlog\link.read.1.tlog
c:\users\jasmin\documents\visual studio 2013\projects\cge_solarsystem\cge_solarsystem\debug\cge_solarsystem.tlog\link.write.1.tlog
=======
d:\fh\4.semester\computergrafik\cge\cge_solarsystem\debug\vc120.pdb
d:\fh\4.semester\computergrafik\cge\cge_solarsystem\debug\vc120.idb
d:\fh\4.semester\computergrafik\cge\cge_solarsystem\debug\cge_solarsystem.tlog\cl.command.1.tlog
d:\fh\4.semester\computergrafik\cge\cge_solarsystem\debug\cge_solarsystem.tlog\cl.read.1.tlog
d:\fh\4.semester\computergrafik\cge\cge_solarsystem\debug\cge_solarsystem.tlog\cl.write.1.tlog
>>>>>>> ea98e003b1f830d56e21e1bbd0c800a5a63e20c3
