Build started 27.06.2014 13:01:41.
     1>Project "D:\FH\4.Semester\Computergrafik\CGE\CGE_solarsystem\CGE_solarsystem.vcxproj" on node 2 (Build target(s)).
     1>ClCompile:
         C:\Program Files (x86)\Microsoft Visual Studio 12.0\VC\bin\CL.exe /c /ZI /nologo /W3 /WX- /sdl /Od /Oy- /D WIN32 /D _DEBUG /D _CONSOLE /D _LIB /D _UNICODE /D UNICODE /Gm /EHsc /RTC1 /MDd /GS /fp:precise /Zc:wchar_t /Zc:forScope /Fo"Debug\\" /Fd"Debug\vc120.pdb" /Gd /TP /analyze- /errorReport:prompt 3dsloader.cpp glm.cpp GLSLShader.cpp SolarSystem.cpp texture.cpp
         texture.cpp
         SolarSystem.cpp
         GLSLShader.cpp
         glm.cpp
     1>d:\fh\4.semester\computergrafik\cge\cge_solarsystem\glm.cpp(307): warning C4305: '=' : truncation from 'double' to 'GLfloat'
     1>d:\fh\4.semester\computergrafik\cge\cge_solarsystem\glm.cpp(308): warning C4305: '=' : truncation from 'double' to 'GLfloat'
     1>d:\fh\4.semester\computergrafik\cge\cge_solarsystem\glm.cpp(309): warning C4305: '=' : truncation from 'double' to 'GLfloat'
     1>d:\fh\4.semester\computergrafik\cge\cge_solarsystem\glm.cpp(311): warning C4305: '=' : truncation from 'double' to 'GLfloat'
     1>d:\fh\4.semester\computergrafik\cge\cge_solarsystem\glm.cpp(312): warning C4305: '=' : truncation from 'double' to 'GLfloat'
     1>d:\fh\4.semester\computergrafik\cge\cge_solarsystem\glm.cpp(313): warning C4305: '=' : truncation from 'double' to 'GLfloat'
     1>d:\fh\4.semester\computergrafik\cge\cge_solarsystem\glm.cpp(811): warning C4244: '=' : conversion from 'double' to 'GLfloat', possible loss of data
     1>d:\fh\4.semester\computergrafik\cge\cge_solarsystem\glm.cpp(812): warning C4244: '=' : conversion from 'double' to 'GLfloat', possible loss of data
     1>d:\fh\4.semester\computergrafik\cge\cge_solarsystem\glm.cpp(813): warning C4244: '=' : conversion from 'double' to 'GLfloat', possible loss of data
     1>d:\fh\4.semester\computergrafik\cge\cge_solarsystem\glm.cpp(816): warning C4244: '=' : conversion from 'double' to 'GLfloat', possible loss of data
     1>d:\fh\4.semester\computergrafik\cge\cge_solarsystem\glm.cpp(1016): warning C4244: '=' : conversion from 'double' to 'GLfloat', possible loss of data
     1>d:\fh\4.semester\computergrafik\cge\cge_solarsystem\glm.cpp(1173): warning C4244: '=' : conversion from 'double' to 'GLfloat', possible loss of data
     1>d:\fh\4.semester\computergrafik\cge\cge_solarsystem\glm.cpp(1179): warning C4244: '=' : conversion from 'double' to 'GLfloat', possible loss of data
     1>d:\fh\4.semester\computergrafik\cge\cge_solarsystem\glm.cpp(1180): warning C4244: '=' : conversion from 'double' to 'GLfloat', possible loss of data
     1>d:\fh\4.semester\computergrafik\cge\cge_solarsystem\glm.cpp(1238): warning C4305: '=' : truncation from 'double' to 'GLfloat'
     1>d:\fh\4.semester\computergrafik\cge\cge_solarsystem\glm.cpp(1243): warning C4305: '=' : truncation from 'double' to 'GLfloat'
     1>d:\fh\4.semester\computergrafik\cge\cge_solarsystem\glm.cpp(1245): warning C4244: '=' : conversion from 'double' to 'GLfloat', possible loss of data
     1>d:\fh\4.semester\computergrafik\cge\cge_solarsystem\glm.cpp(1248): warning C4244: '=' : conversion from 'double' to 'GLfloat', possible loss of data
     1>d:\fh\4.semester\computergrafik\cge\cge_solarsystem\glm.cpp(1249): warning C4244: '=' : conversion from 'double' to 'GLfloat', possible loss of data
         3dsloader.cpp
         Generating Code...
       Link:
         C:\Program Files (x86)\Microsoft Visual Studio 12.0\VC\bin\link.exe /ERRORREPORT:PROMPT /OUT:"D:\FH\4.Semester\Computergrafik\CGE\Debug\CGE_solarsystem.exe" /INCREMENTAL /NOLOGO /LIBPATH:..\lib kernel32.lib user32.lib gdi32.lib winspool.lib comdlg32.lib advapi32.lib shell32.lib ole32.lib oleaut32.lib uuid.lib odbc32.lib odbccp32.lib /MANIFEST /MANIFESTUAC:"level='asInvoker' uiAccess='false'" /manifest:embed /DEBUG /PDB:"D:\FH\4.Semester\Computergrafik\CGE\Debug\CGE_solarsystem.pdb" /SUBSYSTEM:CONSOLE /TLBID:1 /DYNAMICBASE /NXCOMPAT /IMPLIB:"D:\FH\4.Semester\Computergrafik\CGE\Debug\CGE_solarsystem.lib" /MACHINE:X86 Debug\3dsloader.obj
         Debug\glm.obj
         Debug\GLSLShader.obj
         Debug\SolarSystem.obj
         Debug\texture.obj
         CGE_solarsystem.vcxproj -> D:\FH\4.Semester\Computergrafik\CGE\Debug\CGE_solarsystem.exe
     1>Done Building Project "D:\FH\4.Semester\Computergrafik\CGE\CGE_solarsystem\CGE_solarsystem.vcxproj" (Build target(s)).

Build succeeded.

Time Elapsed 00:00:04.01
