Build started 27.06.2014 13:01:15.
     1>Project "D:\FH\4.Semester\Computergrafik\CGE\CGE_solarsystem\CGE_solarsystem.vcxproj" on node 2 (Build target(s)).
     1>ClCompile:
         C:\Program Files (x86)\Microsoft Visual Studio 12.0\VC\bin\CL.exe /c /Zi /nologo /W3 /WX- /sdl /O2 /Oi /Oy- /GL /D WIN32 /D NDEBUG /D _CONSOLE /D _LIB /D _UNICODE /D UNICODE /Gm- /EHsc /MD /GS /Gy /fp:precise /Zc:wchar_t /Zc:forScope /Fo"Release\\" /Fd"Release\vc120.pdb" /Gd /TP /analyze- /errorReport:prompt 3dsloader.cpp glm.cpp GLSLShader.cpp SolarSystem.cpp texture.cpp
         3dsloader.cpp
         glm.cpp
     1>glm.cpp(307): warning C4305: '=' : truncation from 'double' to 'GLfloat'
     1>glm.cpp(308): warning C4305: '=' : truncation from 'double' to 'GLfloat'
     1>glm.cpp(309): warning C4305: '=' : truncation from 'double' to 'GLfloat'
     1>glm.cpp(311): warning C4305: '=' : truncation from 'double' to 'GLfloat'
     1>glm.cpp(312): warning C4305: '=' : truncation from 'double' to 'GLfloat'
     1>glm.cpp(313): warning C4305: '=' : truncation from 'double' to 'GLfloat'
     1>glm.cpp(811): warning C4244: '=' : conversion from 'double' to 'GLfloat', possible loss of data
     1>glm.cpp(812): warning C4244: '=' : conversion from 'double' to 'GLfloat', possible loss of data
     1>glm.cpp(813): warning C4244: '=' : conversion from 'double' to 'GLfloat', possible loss of data
     1>glm.cpp(816): warning C4244: '=' : conversion from 'double' to 'GLfloat', possible loss of data
     1>glm.cpp(1016): warning C4244: '=' : conversion from 'double' to 'GLfloat', possible loss of data
     1>glm.cpp(1173): warning C4244: '=' : conversion from 'double' to 'GLfloat', possible loss of data
     1>glm.cpp(1179): warning C4244: '=' : conversion from 'double' to 'GLfloat', possible loss of data
     1>glm.cpp(1180): warning C4244: '=' : conversion from 'double' to 'GLfloat', possible loss of data
     1>glm.cpp(1238): warning C4305: '=' : truncation from 'double' to 'GLfloat'
     1>glm.cpp(1243): warning C4305: '=' : truncation from 'double' to 'GLfloat'
     1>glm.cpp(1245): warning C4244: '=' : conversion from 'double' to 'GLfloat', possible loss of data
     1>glm.cpp(1248): warning C4244: '=' : conversion from 'double' to 'GLfloat', possible loss of data
     1>glm.cpp(1249): warning C4244: '=' : conversion from 'double' to 'GLfloat', possible loss of data
         GLSLShader.cpp
         SolarSystem.cpp
         texture.cpp
       Link:
         C:\Program Files (x86)\Microsoft Visual Studio 12.0\VC\bin\link.exe /ERRORREPORT:PROMPT /OUT:"D:\FH\4.Semester\Computergrafik\CGE\Release\CGE_solarsystem.exe" /INCREMENTAL:NO /NOLOGO kernel32.lib user32.lib gdi32.lib winspool.lib comdlg32.lib advapi32.lib shell32.lib ole32.lib oleaut32.lib uuid.lib odbc32.lib odbccp32.lib /MANIFEST /MANIFESTUAC:"level='asInvoker' uiAccess='false'" /manifest:embed /DEBUG /PDB:"D:\FH\4.Semester\Computergrafik\CGE\Release\CGE_solarsystem.pdb" /SUBSYSTEM:CONSOLE /OPT:REF /OPT:ICF /LTCG /TLBID:1 /DYNAMICBASE /NXCOMPAT /IMPLIB:"D:\FH\4.Semester\Computergrafik\CGE\Release\CGE_solarsystem.lib" /MACHINE:X86 /SAFESEH Release\3dsloader.obj
         Release\glm.obj
         Release\GLSLShader.obj
         Release\SolarSystem.obj
         Release\texture.obj
         Generating code
         Finished generating code
         CGE_solarsystem.vcxproj -> D:\FH\4.Semester\Computergrafik\CGE\Release\CGE_solarsystem.exe
     1>Done Building Project "D:\FH\4.Semester\Computergrafik\CGE\CGE_solarsystem\CGE_solarsystem.vcxproj" (Build target(s)).

Build succeeded.

Time Elapsed 00:00:04.31
